d:\users\xiangru\desktop\files\case\2023 fall\force_sensor\force_sensor_2010_static_cal\force_sensor_2010\debug\vc143.pdb
d:\users\xiangru\desktop\files\case\2023 fall\force_sensor\force_sensor_2010_static_cal\force_sensor_2010\debug\vc143.idb
d:\users\xiangru\desktop\files\case\2023 fall\force_sensor\force_sensor_2010_static_cal\force_sensor_2010\debug\timer.obj
d:\users\xiangru\desktop\files\case\2023 fall\force_sensor\force_sensor_2010_static_cal\force_sensor_2010\debug\serialport.obj
d:\users\xiangru\desktop\files\case\2023 fall\force_sensor\force_sensor_2010_static_cal\force_sensor_2010\debug\main.obj
d:\users\xiangru\desktop\files\case\2023 fall\force_sensor\force_sensor_2010_static_cal\force_sensor_2010\debug\tcpsocket.obj
d:\users\xiangru\desktop\files\case\2023 fall\force_sensor\force_sensor_dual_test\force_sensor_2010\debug\vc143.pdb
d:\users\xiangru\desktop\files\case\2023 fall\force_sensor\force_sensor_dual_test\force_sensor_2010\debug\vc143.idb
d:\users\xiangru\desktop\files\case\2023 fall\force_sensor\force_sensor_dual_test\force_sensor_2010\debug\tcpsocket.obj
d:\users\xiangru\desktop\files\case\2023 fall\force_sensor\force_sensor_dual_test\force_sensor_2010\debug\main.obj
d:\users\xiangru\desktop\files\case\2023 fall\force_sensor\dual_test\force_sensor_2010_static_cal\force_sensor_2010\debug\vc143.pdb
d:\users\xiangru\desktop\files\case\2023 fall\force_sensor\dual_test\force_sensor_2010_static_cal\force_sensor_2010\debug\vc143.idb
d:\users\xiangru\desktop\files\case\2023 fall\force_sensor\dual_test\force_sensor_2010_static_cal\force_sensor_2010\debug\tcpsocket.obj
d:\users\xiangru\desktop\files\case\2023 fall\force_sensor\dual_test\force_sensor_2010_static_cal\force_sensor_2010\debug\main.obj
d:\users\xiangru\desktop\files\case\2023 fall\force_sensor\force_sensor_2010_static_cal\debug\force_sensor_2010.exe
d:\users\xiangru\desktop\files\case\2023 fall\force_sensor\force_sensor_2010_static_cal\debug\force_sensor_2010.pdb
d:\users\xiangru\desktop\files\case\2023 fall\force_sensor\force_sensor_2010_static_cal\force_sensor_2010\debug\force_sensor_2010.ilk
d:\users\xiangru\desktop\files\case\2023 fall\force_sensor\force_sensor_2010_static_cal\force_sensor_2010\debug\force_se.5c86ad57.tlog\cl.command.1.tlog
d:\users\xiangru\desktop\files\case\2023 fall\force_sensor\force_sensor_2010_static_cal\force_sensor_2010\debug\force_se.5c86ad57.tlog\cl.items.tlog
d:\users\xiangru\desktop\files\case\2023 fall\force_sensor\force_sensor_2010_static_cal\force_sensor_2010\debug\force_se.5c86ad57.tlog\cl.read.1.tlog
d:\users\xiangru\desktop\files\case\2023 fall\force_sensor\force_sensor_2010_static_cal\force_sensor_2010\debug\force_se.5c86ad57.tlog\cl.write.1.tlog
d:\users\xiangru\desktop\files\case\2023 fall\force_sensor\force_sensor_2010_static_cal\force_sensor_2010\debug\force_se.5c86ad57.tlog\link.command.1.tlog
d:\users\xiangru\desktop\files\case\2023 fall\force_sensor\force_sensor_2010_static_cal\force_sensor_2010\debug\force_se.5c86ad57.tlog\link.read.1.tlog
d:\users\xiangru\desktop\files\case\2023 fall\force_sensor\force_sensor_2010_static_cal\force_sensor_2010\debug\force_se.5c86ad57.tlog\link.secondary.1.tlog
d:\users\xiangru\desktop\files\case\2023 fall\force_sensor\force_sensor_2010_static_cal\force_sensor_2010\debug\force_se.5c86ad57.tlog\link.write.1.tlog
